<?xml version="1.0" encoding="UTF-8"?>
<!-- Generated by org.testng.reporters.JUnitXMLReporter -->
<testsuite hostname="ANDY" ignored="0" name="Default test" tests="2" failures="0" timestamp="05 Aug 2018 15:23:58 GMT" time="58.499" errors="0">
  <testcase name="Verify_LoansPage_Navigation" time="2.418" classname="Test_Scripts.Test3_Finances_Credit"/>
  <testcase name="Verify_Cardselection_andresult" time="34.364" classname="Test_Scripts.Test3_Finances_Credit"/>
</testsuite> <!-- Default test -->
