<?xml version="1.0" encoding="UTF-8"?>
<!-- Generated by org.testng.reporters.JUnitXMLReporter -->
<testsuite hostname="ANDY" ignored="0" name="Default test" tests="2" failures="0" timestamp="19 Nov 2018 18:58:47 GMT" time="53.062" errors="0">
  <testcase name="Verify_LoansPage_Navigation" time="5.106" classname="Test_Scripts.Test3_Finances_Credit"/>
  <testcase name="Verify_Cardselection_andresult" time="34.01" classname="Test_Scripts.Test3_Finances_Credit"/>
</testsuite> <!-- Default test -->
